Build started 1/4/2014 3:46:13 PM.
     1>Project "C:\Users\Eric\Documents\GitHub\3P98Group\ParticleEngine\ParticleEngine.vcxproj" on node 2 (Rebuild target(s)).
     1>ClCompile:
         C:\Program Files (x86)\Microsoft Visual Studio 11.0\VC\bin\CL.exe /c /ZI /nologo /W3 /WX- /sdl /Od /Oy- /D WIN32 /D _DEBUG /D _CONSOLE /D _UNICODE /D UNICODE /Gm /EHsc /RTC1 /MDd /GS /fp:precise /Zc:wchar_t /Zc:forScope /Fo"Debug\\" /Fd"Debug\vc110.pdb" /Gd /TP /analyze- /errorReport:prompt Bullet.cpp Main.cpp Enemy.cpp Player.cpp RNG.cpp
         RNG.cpp
         Player.cpp
         Enemy.cpp
         Main.cpp
     1>c:\users\eric\documents\github\3p98group\particleengine\main.cpp(437): warning C4018: '<' : signed/unsigned mismatch
         Bullet.cpp
         Generating Code...
       Link:
         C:\Program Files (x86)\Microsoft Visual Studio 11.0\VC\bin\link.exe /ERRORREPORT:PROMPT /OUT:"C:\Users\Eric\Documents\GitHub\3P98Group\ParticleEngine\Debug\ParticleEngine.exe" /INCREMENTAL /NOLOGO opengl32.lib freeglut.lib FreeImage.lib SOIL.lib kernel32.lib user32.lib gdi32.lib winspool.lib comdlg32.lib advapi32.lib shell32.lib ole32.lib oleaut32.lib uuid.lib odbc32.lib odbccp32.lib /MANIFEST /MANIFESTUAC:"level='asInvoker' uiAccess='false'" /manifest:embed /DEBUG /PDB:"C:\Users\Eric\Documents\GitHub\3P98Group\ParticleEngine\Debug\ParticleEngine.pdb" /SUBSYSTEM:CONSOLE /TLBID:1 /DYNAMICBASE /NXCOMPAT /IMPLIB:"C:\Users\Eric\Documents\GitHub\3P98Group\ParticleEngine\Debug\ParticleEngine.lib" /MACHINE:X86 Debug\Bullet.obj
         Debug\Main.obj
         Debug\Enemy.obj
         Debug\Player.obj
         Debug\RNG.obj
         ParticleEngine.vcxproj -> C:\Users\Eric\Documents\GitHub\3P98Group\ParticleEngine\Debug\ParticleEngine.exe
     1>Done Building Project "C:\Users\Eric\Documents\GitHub\3P98Group\ParticleEngine\ParticleEngine.vcxproj" (Rebuild target(s)).

Build succeeded.

Time Elapsed 00:00:01.17
